<?xml version="1.0" encoding="UTF-8"?>
<!-- Generated by org.testng.reporters.JUnitReportReporter -->
<testsuite hostname="lenovo" failures="0" tests="1" name="Tests.ForgotLoginInfo" time="0.058" errors="0" timestamp="2024-08-18T11:41:37 IST" skipped="0">
  <testcase classname="Tests.ForgotLoginInfo" name="TC_01_ValidateForgotLoginInfoPageFields" time="0.058"/>
</testsuite> <!-- Tests.ForgotLoginInfo -->
