<?xml version="1.0" encoding="UTF-8"?>
<!-- Generated by org.testng.reporters.JUnitReportReporter -->
<testsuite hostname="lenovo" failures="0" tests="1" name="Tests.ForgotLoginInfo" time="0.048" errors="0" timestamp="2024-08-14T22:03:32 IST" skipped="0">
  <testcase classname="Tests.ForgotLoginInfo" name="ValidateForgotLoginInfoPageFields" time="0.048"/>
</testsuite> <!-- Tests.ForgotLoginInfo -->
