<?xml version="1.0" encoding="UTF-8"?>
<!-- Generated by org.testng.reporters.JUnitReportReporter -->
<testsuite hostname="lenovo" failures="0" tests="4" name="Tests.Home" time="3.305" errors="0" timestamp="2024-08-14T22:03:32 IST" skipped="0">
  <testcase classname="Tests.Home" name="TC_02_ValidateHomePage" time="0.064"/>
  <testcase classname="Tests.Home" name="TC_01_NavigateToHomepage" time="2.614"/>
  <testcase classname="Tests.Home" name="TC_03_ValidateLoginFields" time="0.144"/>
  <testcase classname="Tests.Home" name="TC_04_TryingToLoginWithoutGivingAnyValuesToUsernameAndPasswordFields" time="0.483"/>
</testsuite> <!-- Tests.Home -->
