<?xml version="1.0" encoding="UTF-8"?>
<!-- Generated by org.testng.reporters.JUnitReportReporter -->
<testsuite hostname="lenovo" failures="0" tests="5" name="Tests.Home" time="10.640" errors="0" timestamp="2024-08-18T11:41:37 IST" skipped="0">
  <testcase classname="Tests.Home" name="TC_02_ValidateHomePage" time="5.066"/>
  <testcase classname="Tests.Home" name="TC_05_SuccessfulLoginWithCorrectCredientials" time="1.313"/>
  <testcase classname="Tests.Home" name="TC_04_TryingToLoginWithoutGivingAnyValuesToUsernameAndPasswordFields" time="0.482"/>
  <testcase classname="Tests.Home" name="TC_03_ValidateLoginFields" time="0.134"/>
  <testcase classname="Tests.Home" name="TC_01_NavigateToHomepage" time="3.645"/>
</testsuite> <!-- Tests.Home -->
