<?xml version="1.0" encoding="UTF-8"?>
<!-- Generated by org.testng.reporters.JUnitReportReporter -->
<testsuite hostname="lenovo" failures="0" tests="2" name="HomeTests.Home" time="7.091" errors="0" timestamp="2024-08-12T22:38:55 IST" skipped="0">
  <testcase classname="HomeTests.Home" name="TC_02_Validate_Login_Fields" time="0.068"/>
  <testcase classname="HomeTests.Home" name="TC_01_Navigate_To_Homepage" time="7.023"/>
</testsuite> <!-- HomeTests.Home -->
