<?xml version="1.0" encoding="UTF-8"?>
<!-- Generated by org.testng.reporters.JUnitReportReporter -->
<testsuite hostname="lenovo" failures="0" tests="3" name="Tests.Home" time="10.631" errors="0" timestamp="2024-08-13T22:20:35 IST" skipped="0">
  <testcase classname="Tests.Home" name="TC_02_Validate_HomePage" time="0.043"/>
  <testcase classname="Tests.Home" name="TC_03_Validate_Login_Fields" time="0.060"/>
  <testcase classname="Tests.Home" name="TC_01_Navigate_To_Homepage" time="10.528"/>
</testsuite> <!-- Tests.Home -->
